# configure exec: ./configure --prefix=/home/tinashe/Documents/WebDev/ruvimbo/Kafka1/node_modules/node-rdkafka/build/deps --libdir=/home/tinashe/Documents/WebDev/ruvimbo/Kafka1/node_modules/node-rdkafka/build/deps --prefix=/home/tinashe/Documents/WebDev/ruvimbo/Kafka1/node_modules/node-rdkafka/build/deps --libdir=/home/tinashe/Documents/WebDev/ruvimbo/Kafka1/node_modules/node-rdkafka/build/deps
# On Tue 29 Dec 2020 13:38:42 CAT
DBG 54491: Setting distro (distro) status to ok (action ignore)
DBG 54491: ccenv: WITH_CC:  --version failed: mklove/modules/configure.base: line 1754: --version: command not found
DBG 54491: Setting ccenv (ccenv) status to failed (action cont)
DBG 54491: Check ccenv (WITH_CC, action cont (originally cont)) failed: command ' --version' failed:
mklove/modules/configure.base: line 1754: --version: command not found
DBG 54491: Setting gcc (gcc) status to ok (action cont)
DBG 54491: cxxenv: WITH_CXX:  --version failed: mklove/modules/configure.base: line 1754: --version: command not found
DBG 54491: Setting cxxenv (cxxenv) status to failed (action cont)
DBG 54491: Check cxxenv (WITH_CXX, action cont (originally cont)) failed: command ' --version' failed:
mklove/modules/configure.base: line 1754: --version: command not found
DBG 54491: Setting gxx (gxx) status to ok (action cont)
DBG 54491: Setting ld (ld) status to ok (action disable)
DBG 54491: Setting nm (nm) status to ok (action disable)
DBG 54491: Setting objdump (objdump) status to ok (action disable)
DBG 54491: Setting strip (strip) status to ok (action disable)
DBG 54491: libtool: : libtool is not executable: 
DBG 54491: Setting libtool (libtool) status to failed (action disable)
DBG 54491: Check libtool (, action disable (originally disable)) failed: libtool is not executable
DBG 54491: Setting pkgconfig (pkgconfig) status to ok (action cont)
DBG 54491: Setting install (install) status to ok (action cont)
DBG 54491: Compile check PIC (HAVE_PIC) (sub=0): gcc  -g -O2 -Wall -Werror _mkltmpFhL1V5.c -o _mkltmpFhL1V5.c.o  -L/home/tinashe/Documents/WebDev/ruvimbo/Kafka1/node_modules/node-rdkafka/build/deps -fPIC
DBG 54491: Setting PIC (PIC) status to ok (action disable)
DBG 54491: Compile check gnulib (WITH_GNULD) (sub=0): gcc  -g -O2 -fPIC -Wall -Werror _mkltmpQIyGnV.c -o _mkltmpQIyGnV.c.o  -L/home/tinashe/Documents/WebDev/ruvimbo/Kafka1/node_modules/node-rdkafka/build/deps -shared -Wl,-soname,mkltest.0
DBG 54491: Setting gnulib (gnulib) status to ok (action cont)
DBG 54491: Compile check ldsflagvs () (sub=0): gcc  -g -O2 -fPIC -Wall -Werror _mkltmpbhI0Ks.c -o _mkltmpbhI0Ks.c.o  -L/home/tinashe/Documents/WebDev/ruvimbo/Kafka1/node_modules/node-rdkafka/build/deps -shared -Wl,--version-script=_mkltmpAMJqY8
DBG 54491: Setting ldsflagvs (ldsflagvs) status to ok (action cont)
DBG 54491: Compile check __atomic_32 (HAVE_ATOMICS_32) (sub=0): gcc  -g -O2 -fPIC -Wall -Werror _mkltmpKUc4jC.c -o _mkltmpKUc4jC.c.o  -L/home/tinashe/Documents/WebDev/ruvimbo/Kafka1/node_modules/node-rdkafka/build/deps 
DBG 54491: Setting __atomic_32 (__atomic_32) status to ok (action cont)
DBG 54491: Compile check __atomic_64 (HAVE_ATOMICS_64) (sub=0): gcc  -g -O2 -fPIC -Wall -Werror _mkltmp3LceHj.c -o _mkltmp3LceHj.c.o  -L/home/tinashe/Documents/WebDev/ruvimbo/Kafka1/node_modules/node-rdkafka/build/deps 
DBG 54491: Setting __atomic_64 (__atomic_64) status to ok (action cont)
DBG 54491: Compile check socket () (sub=0): gcc  -g -O2 -fPIC -Wall -Wsign-compare -Wfloat-equal -Wpointer-arith -Wcast-align -Wall -Werror _mkltmp6x1v2C.c -o _mkltmp6x1v2C.c.o  -L/home/tinashe/Documents/WebDev/ruvimbo/Kafka1/node_modules/node-rdkafka/build/deps 
DBG 54491: Setting socket (socket) status to ok (action cont)
DBG 54491: Setting parseversion (parseversion) status to ok (action cont)
DBG 54491: pkg-config check librt for CFLAGS (): pkg-config --short-errors --cflags librt
DBG 54491: 'pkg-config --short-errors --cflags librt' failed: No package 'librt' found
DBG 54491: Setting librt_PKGCONFIG (librt_PKGCONFIG) status to failed (action cont)
DBG 54491: Check librt_PKGCONFIG (, action cont (originally cont)) failed: 'pkg-config --short-errors --cflags librt' failed:
No package 'librt' found
DBG 54491: librt: Check for static library (libs -lrt, arfile variable STATIC_LIB_librt=, static filenames )
DBG 54491: Compile check librt () (sub=0): gcc  -g -O2 -fPIC -Wall -Wsign-compare -Wfloat-equal -Wpointer-arith -Wcast-align -Wall -Werror _mkltmpLzRt4Z.c -o _mkltmpLzRt4Z.c.o  -L/home/tinashe/Documents/WebDev/ruvimbo/Kafka1/node_modules/node-rdkafka/build/deps -lrt
DBG 54491: Setting librt (librt) status to ok (action cont)
DBG 54491: librt: from lib_check: LIBS: prepend -lrt
DBG 54491: pkg-config check libpthread for CFLAGS (): pkg-config --short-errors --cflags libpthread
DBG 54491: 'pkg-config --short-errors --cflags libpthread' failed: No package 'libpthread' found
DBG 54491: Setting libpthread_PKGCONFIG (libpthread_PKGCONFIG) status to failed (action cont)
DBG 54491: Check libpthread_PKGCONFIG (, action cont (originally cont)) failed: 'pkg-config --short-errors --cflags libpthread' failed:
No package 'libpthread' found
DBG 54491: libpthread: Check for static library (libs -lpthread, arfile variable STATIC_LIB_libpthread=, static filenames )
DBG 54491: Compile check libpthread () (sub=0): gcc  -g -O2 -fPIC -Wall -Wsign-compare -Wfloat-equal -Wpointer-arith -Wcast-align -Wall -Werror _mkltmpZvEt45.c -o _mkltmpZvEt45.c.o  -L/home/tinashe/Documents/WebDev/ruvimbo/Kafka1/node_modules/node-rdkafka/build/deps -lpthread
DBG 54491: Setting libpthread (libpthread) status to ok (action fail)
DBG 54491: libpthread: from lib_check: LIBS: prepend -lpthread
DBG 54491: pkg-config check c11threads for CFLAGS (WITH_C11THREADS): pkg-config --short-errors --cflags c11threads
DBG 54491: 'pkg-config --short-errors --cflags c11threads' failed: No package 'c11threads' found
DBG 54491: Setting c11threads_PKGCONFIG (c11threads_PKGCONFIG) status to failed (action cont)
DBG 54491: Check c11threads_PKGCONFIG (, action cont (originally cont)) failed: 'pkg-config --short-errors --cflags c11threads' failed:
No package 'c11threads' found
DBG 54491: c11threads: Check for static library (libs -lpthread -lrt, arfile variable STATIC_LIB_c11threads=, static filenames )
DBG 54491: Compile check c11threads (WITH_C11THREADS) (sub=0): gcc  -g -O2 -fPIC -Wall -Wsign-compare -Wfloat-equal -Wpointer-arith -Wcast-align -Wall -Werror _mkltmpqSDsYN.c -o _mkltmpqSDsYN.c.o  -L/home/tinashe/Documents/WebDev/ruvimbo/Kafka1/node_modules/node-rdkafka/build/deps -lpthread -lrt
DBG 54491: Setting c11threads (c11threads) status to ok (action disable)
DBG 54491: c11threads: from lib_check: LIBS: prepend -lpthread -lrt
DBG 54491: pkg-config check libdl for CFLAGS (WITH_LIBDL): pkg-config --short-errors --cflags libdl
DBG 54491: 'pkg-config --short-errors --cflags libdl' failed: No package 'libdl' found
DBG 54491: Setting libdl_PKGCONFIG (libdl_PKGCONFIG) status to failed (action cont)
DBG 54491: Check libdl_PKGCONFIG (, action cont (originally cont)) failed: 'pkg-config --short-errors --cflags libdl' failed:
No package 'libdl' found
DBG 54491: libdl: Check for static library (libs -ldl, arfile variable STATIC_LIB_libdl=, static filenames )
DBG 54491: Compile check libdl (WITH_LIBDL) (sub=0): gcc  -g -O2 -fPIC -Wall -Wsign-compare -Wfloat-equal -Wpointer-arith -Wcast-align -Wall -Werror _mkltmp5hZ6UD.c -o _mkltmp5hZ6UD.c.o  -L/home/tinashe/Documents/WebDev/ruvimbo/Kafka1/node_modules/node-rdkafka/build/deps -ldl
DBG 54491: Setting libdl (libdl) status to ok (action disable)
DBG 54491: libdl: from lib_check: LIBS: prepend -ldl
DBG 54491: pkg-config check zlib for CFLAGS (WITH_ZLIB): pkg-config --short-errors --cflags zlib
DBG 54491: 'pkg-config --short-errors --cflags zlib' failed: No package 'zlib' found
DBG 54491: Setting zlib_PKGCONFIG (zlib_PKGCONFIG) status to failed (action cont)
DBG 54491: Check zlib_PKGCONFIG (, action cont (originally cont)) failed: 'pkg-config --short-errors --cflags zlib' failed:
No package 'zlib' found
DBG 54491: zlib: Check for static library (libs -lz, arfile variable STATIC_LIB_zlib=, static filenames libz.a)
DBG 54491: Compile check zlib (WITH_ZLIB) (sub=0): gcc  -g -O2 -fPIC -Wall -Wsign-compare -Wfloat-equal -Wpointer-arith -Wcast-align -Wall -Werror _mkltmpK8SNsi.c -o _mkltmpK8SNsi.c.o  -L/home/tinashe/Documents/WebDev/ruvimbo/Kafka1/node_modules/node-rdkafka/build/deps -lz
DBG 54491: compile check for zlib (WITH_ZLIB) failed: gcc  -g -O2 -fPIC -Wall -Wsign-compare -Wfloat-equal -Wpointer-arith -Wcast-align -Wall -Werror _mkltmpK8SNsi.c -o _mkltmpK8SNsi.c.o  -L/home/tinashe/Documents/WebDev/ruvimbo/Kafka1/node_modules/node-rdkafka/build/deps -lz: _mkltmpK8SNsi.c:2:10: fatal error: zlib.h: No such file or directory
    2 | #include <zlib.h>
      |          ^~~~~~~~
compilation terminated.
DBG 54491: Setting zlib (zlib) status to failed (action disable)
DBG 54491: Check zlib (WITH_ZLIB, action disable (originally disable)) failed: compile check failed:
CC: CC
flags: -lz
gcc  -g -O2 -fPIC -Wall -Wsign-compare -Wfloat-equal -Wpointer-arith -Wcast-align -Wall -Werror _mkltmpK8SNsi.c -o _mkltmpK8SNsi.c.o  -L/home/tinashe/Documents/WebDev/ruvimbo/Kafka1/node_modules/node-rdkafka/build/deps -lz:
_mkltmpK8SNsi.c:2:10: fatal error: zlib.h: No such file or directory
    2 | #include <zlib.h>
      |          ^~~~~~~~
compilation terminated.
source: 
#include <zlib.h>

void foo (void) {
     z_stream *p = NULL;
     inflate(p, 0);
}

DBG 54491: pkg-config check libcrypto for CFLAGS (): pkg-config --short-errors --cflags libcrypto
DBG 54491: pkg-config check libcrypto for LIBS (): pkg-config --short-errors --libs libcrypto
DBG 54491: libcrypto: from pkg-config: CFLAGS '', LIBS '-ldl -lpthread -lrt -lpthread -lrt'
DBG 54491: libcrypto: performing compile check using pkg-config info
DBG 54491: Compile check libcrypto () (sub=1): gcc  -g -O2 -fPIC -Wall -Wsign-compare -Wfloat-equal -Wpointer-arith -Wcast-align -Wall -Werror _mkltmpw6XHz2.c -o _mkltmpw6XHz2.c.o  -L/home/tinashe/Documents/WebDev/ruvimbo/Kafka1/node_modules/node-rdkafka/build/deps  -lcrypto
DBG 54491: libcrypto: Check for static library (libs -lcrypto, arfile variable STATIC_LIB_libcrypto=, static filenames libcrypto.a)
DBG 54491: libcrypto: from pkg-config: LIBS: prepend -lcrypto
DBG 54491: Setting libcrypto (libcrypto) status to ok (action cont)
DBG 54491: pkg-config check libssl for CFLAGS (WITH_SSL): pkg-config --short-errors --cflags libssl
DBG 54491: pkg-config check libssl for LIBS (WITH_SSL): pkg-config --short-errors --libs libssl
DBG 54491: libssl: from pkg-config: CFLAGS '', LIBS '-lcrypto -ldl -lpthread -lrt -lpthread -lrt'
DBG 54491: libssl: performing compile check using pkg-config info
DBG 54491: Compile check libssl (WITH_SSL) (sub=1): gcc  -g -O2 -fPIC -Wall -Wsign-compare -Wfloat-equal -Wpointer-arith -Wcast-align -Wall -Werror _mkltmp8NgLNO.c -o _mkltmp8NgLNO.c.o  -L/home/tinashe/Documents/WebDev/ruvimbo/Kafka1/node_modules/node-rdkafka/build/deps  -lssl
DBG 54491: libssl: Check for static library (libs -lssl, arfile variable STATIC_LIB_libssl=, static filenames libssl.a)
DBG 54491: libssl: from pkg-config: LIBS: prepend -lssl
DBG 54491: Setting libssl (libssl) status to ok (action cont)
DBG 54491: pkg-config check libsasl2 for CFLAGS (WITH_SASL_CYRUS): pkg-config --short-errors --cflags libsasl2
DBG 54491: 'pkg-config --short-errors --cflags libsasl2' failed: No package 'libsasl2' found
DBG 54491: Setting libsasl2_PKGCONFIG (libsasl2_PKGCONFIG) status to failed (action cont)
DBG 54491: Check libsasl2_PKGCONFIG (, action cont (originally cont)) failed: 'pkg-config --short-errors --cflags libsasl2' failed:
No package 'libsasl2' found
DBG 54491: libsasl2: Check for static library (libs -lsasl2, arfile variable STATIC_LIB_libsasl2=, static filenames )
DBG 54491: Compile check libsasl2 (WITH_SASL_CYRUS) (sub=0): gcc  -g -O2 -fPIC -Wall -Wsign-compare -Wfloat-equal -Wpointer-arith -Wcast-align -Wall -Werror _mkltmpG5963K.c -o _mkltmpG5963K.c.o  -L/home/tinashe/Documents/WebDev/ruvimbo/Kafka1/node_modules/node-rdkafka/build/deps -lsasl2
DBG 54491: compile check for libsasl2 (WITH_SASL_CYRUS) failed: gcc  -g -O2 -fPIC -Wall -Wsign-compare -Wfloat-equal -Wpointer-arith -Wcast-align -Wall -Werror _mkltmpG5963K.c -o _mkltmpG5963K.c.o  -L/home/tinashe/Documents/WebDev/ruvimbo/Kafka1/node_modules/node-rdkafka/build/deps -lsasl2: _mkltmpG5963K.c:3:10: fatal error: sasl/sasl.h: No such file or directory
    3 | #include <sasl/sasl.h>
      |          ^~~~~~~~~~~~~
compilation terminated.
DBG 54491: Setting libsasl2 (libsasl2) status to failed (action disable)
DBG 54491: Check libsasl2 (WITH_SASL_CYRUS, action disable (originally disable)) failed: compile check failed:
CC: CC
flags: -lsasl2
gcc  -g -O2 -fPIC -Wall -Wsign-compare -Wfloat-equal -Wpointer-arith -Wcast-align -Wall -Werror _mkltmpG5963K.c -o _mkltmpG5963K.c.o  -L/home/tinashe/Documents/WebDev/ruvimbo/Kafka1/node_modules/node-rdkafka/build/deps -lsasl2:
_mkltmpG5963K.c:3:10: fatal error: sasl/sasl.h: No such file or directory
    3 | #include <sasl/sasl.h>
      |          ^~~~~~~~~~~~~
compilation terminated.
source: 
#include <stddef.h>
#include <sasl/sasl.h>

DBG 54491: pkg-config check libsasl for CFLAGS (WITH_SASL_CYRUS): pkg-config --short-errors --cflags libsasl
DBG 54491: 'pkg-config --short-errors --cflags libsasl' failed: No package 'libsasl' found
DBG 54491: Setting libsasl_PKGCONFIG (libsasl_PKGCONFIG) status to failed (action cont)
DBG 54491: Check libsasl_PKGCONFIG (, action cont (originally cont)) failed: 'pkg-config --short-errors --cflags libsasl' failed:
No package 'libsasl' found
DBG 54491: libsasl: Check for static library (libs -lsasl, arfile variable STATIC_LIB_libsasl=, static filenames )
DBG 54491: Compile check libsasl (WITH_SASL_CYRUS) (sub=0): gcc  -g -O2 -fPIC -Wall -Wsign-compare -Wfloat-equal -Wpointer-arith -Wcast-align -Wall -Werror _mkltmp2B9sts.c -o _mkltmp2B9sts.c.o  -L/home/tinashe/Documents/WebDev/ruvimbo/Kafka1/node_modules/node-rdkafka/build/deps -lsasl
DBG 54491: compile check for libsasl (WITH_SASL_CYRUS) failed: gcc  -g -O2 -fPIC -Wall -Wsign-compare -Wfloat-equal -Wpointer-arith -Wcast-align -Wall -Werror _mkltmp2B9sts.c -o _mkltmp2B9sts.c.o  -L/home/tinashe/Documents/WebDev/ruvimbo/Kafka1/node_modules/node-rdkafka/build/deps -lsasl: _mkltmp2B9sts.c:3:10: fatal error: sasl/sasl.h: No such file or directory
    3 | #include <sasl/sasl.h>
      |          ^~~~~~~~~~~~~
compilation terminated.
DBG 54491: Setting libsasl (libsasl) status to failed (action disable)
DBG 54491: Check libsasl (WITH_SASL_CYRUS, action disable (originally disable)) failed: compile check failed:
CC: CC
flags: -lsasl
gcc  -g -O2 -fPIC -Wall -Wsign-compare -Wfloat-equal -Wpointer-arith -Wcast-align -Wall -Werror _mkltmp2B9sts.c -o _mkltmp2B9sts.c.o  -L/home/tinashe/Documents/WebDev/ruvimbo/Kafka1/node_modules/node-rdkafka/build/deps -lsasl:
_mkltmp2B9sts.c:3:10: fatal error: sasl/sasl.h: No such file or directory
    3 | #include <sasl/sasl.h>
      |          ^~~~~~~~~~~~~
compilation terminated.
source: 
#include <stddef.h>
#include <sasl/sasl.h>

DBG 54491: pkg-config check libzstd for CFLAGS (WITH_ZSTD): pkg-config --short-errors --cflags libzstd
DBG 54491: 'pkg-config --short-errors --cflags libzstd' failed: No package 'libzstd' found
DBG 54491: Setting libzstd_PKGCONFIG (libzstd_PKGCONFIG) status to failed (action cont)
DBG 54491: Check libzstd_PKGCONFIG (, action cont (originally cont)) failed: 'pkg-config --short-errors --cflags libzstd' failed:
No package 'libzstd' found
DBG 54491: libzstd: Check for static library (libs -lzstd, arfile variable STATIC_LIB_libzstd=, static filenames libzstd.a)
DBG 54491: Compile check libzstd (WITH_ZSTD) (sub=0): gcc  -g -O2 -fPIC -Wall -Wsign-compare -Wfloat-equal -Wpointer-arith -Wcast-align -Wall -Werror _mkltmpiexVAx.c -o _mkltmpiexVAx.c.o  -L/home/tinashe/Documents/WebDev/ruvimbo/Kafka1/node_modules/node-rdkafka/build/deps -lzstd
DBG 54491: compile check for libzstd (WITH_ZSTD) failed: gcc  -g -O2 -fPIC -Wall -Wsign-compare -Wfloat-equal -Wpointer-arith -Wcast-align -Wall -Werror _mkltmpiexVAx.c -o _mkltmpiexVAx.c.o  -L/home/tinashe/Documents/WebDev/ruvimbo/Kafka1/node_modules/node-rdkafka/build/deps -lzstd: _mkltmpiexVAx.c:2:10: fatal error: zstd.h: No such file or directory
    2 | #include <zstd.h>
      |          ^~~~~~~~
compilation terminated.
DBG 54491: Setting libzstd (libzstd) status to failed (action disable)
DBG 54491: Check libzstd (WITH_ZSTD, action disable (originally disable)) failed: compile check failed:
CC: CC
flags: -lzstd
gcc  -g -O2 -fPIC -Wall -Wsign-compare -Wfloat-equal -Wpointer-arith -Wcast-align -Wall -Werror _mkltmpiexVAx.c -o _mkltmpiexVAx.c.o  -L/home/tinashe/Documents/WebDev/ruvimbo/Kafka1/node_modules/node-rdkafka/build/deps -lzstd:
_mkltmpiexVAx.c:2:10: fatal error: zstd.h: No such file or directory
    2 | #include <zstd.h>
      |          ^~~~~~~~
compilation terminated.
source: 
#include <zstd.h>
#include <zstd_errors.h>

void foo (void) {
     ZSTD_getFrameContentSize(NULL, 0);
}

DBG 54491: pkg-config check libm for CFLAGS (): pkg-config --short-errors --cflags libm
DBG 54491: 'pkg-config --short-errors --cflags libm' failed: No package 'libm' found
DBG 54491: Setting libm_PKGCONFIG (libm_PKGCONFIG) status to failed (action cont)
DBG 54491: Check libm_PKGCONFIG (, action cont (originally cont)) failed: 'pkg-config --short-errors --cflags libm' failed:
No package 'libm' found
DBG 54491: libm: Check for static library (libs -lm, arfile variable STATIC_LIB_libm=, static filenames )
DBG 54491: Compile check libm () (sub=0): gcc  -g -O2 -fPIC -Wall -Wsign-compare -Wfloat-equal -Wpointer-arith -Wcast-align -Wall -Werror _mkltmpJoKEQZ.c -o _mkltmpJoKEQZ.c.o  -L/home/tinashe/Documents/WebDev/ruvimbo/Kafka1/node_modules/node-rdkafka/build/deps -lm
DBG 54491: Setting libm (libm) status to ok (action disable)
DBG 54491: libm: from lib_check: LIBS: prepend -lm
DBG 54491: pkg-config check liblz4 for CFLAGS (WITH_LZ4_EXT): pkg-config --short-errors --cflags liblz4
DBG 54491: 'pkg-config --short-errors --cflags liblz4' failed: No package 'liblz4' found
DBG 54491: Setting liblz4_PKGCONFIG (liblz4_PKGCONFIG) status to failed (action cont)
DBG 54491: Check liblz4_PKGCONFIG (, action cont (originally cont)) failed: 'pkg-config --short-errors --cflags liblz4' failed:
No package 'liblz4' found
DBG 54491: liblz4: Check for static library (libs -llz4, arfile variable STATIC_LIB_liblz4=, static filenames liblz4.a)
DBG 54491: Compile check liblz4 (WITH_LZ4_EXT) (sub=0): gcc  -g -O2 -fPIC -Wall -Wsign-compare -Wfloat-equal -Wpointer-arith -Wcast-align -Wall -Werror _mkltmpDDzgBO.c -o _mkltmpDDzgBO.c.o  -L/home/tinashe/Documents/WebDev/ruvimbo/Kafka1/node_modules/node-rdkafka/build/deps -llz4
DBG 54491: compile check for liblz4 (WITH_LZ4_EXT) failed: gcc  -g -O2 -fPIC -Wall -Wsign-compare -Wfloat-equal -Wpointer-arith -Wcast-align -Wall -Werror _mkltmpDDzgBO.c -o _mkltmpDDzgBO.c.o  -L/home/tinashe/Documents/WebDev/ruvimbo/Kafka1/node_modules/node-rdkafka/build/deps -llz4: _mkltmpDDzgBO.c:1:10: fatal error: lz4frame.h: No such file or directory
    1 | #include <lz4frame.h>
      |          ^~~~~~~~~~~~
compilation terminated.
DBG 54491: Setting liblz4 (liblz4) status to failed (action disable)
DBG 54491: Check liblz4 (WITH_LZ4_EXT, action disable (originally disable)) failed: compile check failed:
CC: CC
flags: -llz4
gcc  -g -O2 -fPIC -Wall -Wsign-compare -Wfloat-equal -Wpointer-arith -Wcast-align -Wall -Werror _mkltmpDDzgBO.c -o _mkltmpDDzgBO.c.o  -L/home/tinashe/Documents/WebDev/ruvimbo/Kafka1/node_modules/node-rdkafka/build/deps -llz4:
_mkltmpDDzgBO.c:1:10: fatal error: lz4frame.h: No such file or directory
    1 | #include <lz4frame.h>
      |          ^~~~~~~~~~~~
compilation terminated.
source: #include <lz4frame.h>
DBG 54491: Compile check syslog (WITH_SYSLOG) (sub=0): gcc  -g -O2 -fPIC -Wall -Wsign-compare -Wfloat-equal -Wpointer-arith -Wcast-align -Wall -Werror _mkltmp5Csj28.c -o _mkltmp5Csj28.c.o  -L/home/tinashe/Documents/WebDev/ruvimbo/Kafka1/node_modules/node-rdkafka/build/deps 
DBG 54491: Setting syslog (syslog) status to ok (action disable)
DBG 54491: Compile check rapidjson (WITH_RAPIDJSON) (sub=0): g++  -g -O2 -fPIC -Wall -Wsign-compare -Wfloat-equal -Wpointer-arith -Wcast-align -Wall -Werror _mkltmpDsMAt6.cpp -o _mkltmpDsMAt6.cpp.o  -L/home/tinashe/Documents/WebDev/ruvimbo/Kafka1/node_modules/node-rdkafka/build/deps 
DBG 54491: compile check for rapidjson (WITH_RAPIDJSON) failed: g++  -g -O2 -fPIC -Wall -Wsign-compare -Wfloat-equal -Wpointer-arith -Wcast-align -Wall -Werror _mkltmpDsMAt6.cpp -o _mkltmpDsMAt6.cpp.o  -L/home/tinashe/Documents/WebDev/ruvimbo/Kafka1/node_modules/node-rdkafka/build/deps : _mkltmpDsMAt6.cpp:1:10: fatal error: rapidjson/schema.h: No such file or directory
    1 | #include <rapidjson/schema.h>
      |          ^~~~~~~~~~~~~~~~~~~~
compilation terminated.
DBG 54491: Setting rapidjson (rapidjson) status to failed (action disable)
DBG 54491: Check rapidjson (WITH_RAPIDJSON, action disable (originally disable)) failed: compile check failed:
CC: CXX
flags: 
g++  -g -O2 -fPIC -Wall -Wsign-compare -Wfloat-equal -Wpointer-arith -Wcast-align -Wall -Werror _mkltmpDsMAt6.cpp -o _mkltmpDsMAt6.cpp.o  -L/home/tinashe/Documents/WebDev/ruvimbo/Kafka1/node_modules/node-rdkafka/build/deps :
_mkltmpDsMAt6.cpp:1:10: fatal error: rapidjson/schema.h: No such file or directory
    1 | #include <rapidjson/schema.h>
      |          ^~~~~~~~~~~~~~~~~~~~
compilation terminated.
source: #include <rapidjson/schema.h>
DBG 54491: Compile check crc32chw (WITH_CRC32C_HW) (sub=0): gcc  -g -O2 -fPIC -Wall -Wsign-compare -Wfloat-equal -Wpointer-arith -Wcast-align -Wall -Werror _mkltmpseXWZ3.c -o _mkltmpseXWZ3.c.o  -L/home/tinashe/Documents/WebDev/ruvimbo/Kafka1/node_modules/node-rdkafka/build/deps 
DBG 54491: Setting crc32chw (crc32chw) status to ok (action disable)
DBG 54491: Compile check regex (HAVE_REGEX) (sub=0): gcc  -g -O2 -fPIC -Wall -Wsign-compare -Wfloat-equal -Wpointer-arith -Wcast-align -Wall -Werror _mkltmpvUHImX.c -o _mkltmpvUHImX.c.o  -L/home/tinashe/Documents/WebDev/ruvimbo/Kafka1/node_modules/node-rdkafka/build/deps 
DBG 54491: Setting regex (regex) status to ok (action disable)
DBG 54491: Compile check strndup (HAVE_STRNDUP) (sub=0): gcc  -g -O2 -fPIC -Wall -Wsign-compare -Wfloat-equal -Wpointer-arith -Wcast-align -Wall -Werror _mkltmpqACGf0.c -o _mkltmpqACGf0.c.o  -L/home/tinashe/Documents/WebDev/ruvimbo/Kafka1/node_modules/node-rdkafka/build/deps 
DBG 54491: Setting strndup (strndup) status to ok (action disable)
DBG 54491: Compile check strlcpy (HAVE_STRLCPY) (sub=0): gcc  -g -O2 -fPIC -Wall -Wsign-compare -Wfloat-equal -Wpointer-arith -Wcast-align -Wall -Werror _mkltmptlq6FJ.c -o _mkltmptlq6FJ.c.o  -L/home/tinashe/Documents/WebDev/ruvimbo/Kafka1/node_modules/node-rdkafka/build/deps 
DBG 54491: compile check for strlcpy (HAVE_STRLCPY) failed: gcc  -g -O2 -fPIC -Wall -Wsign-compare -Wfloat-equal -Wpointer-arith -Wcast-align -Wall -Werror _mkltmptlq6FJ.c -o _mkltmptlq6FJ.c.o  -L/home/tinashe/Documents/WebDev/ruvimbo/Kafka1/node_modules/node-rdkafka/build/deps : _mkltmptlq6FJ.c: In function ‘foo’:
_mkltmptlq6FJ.c:6:11: error: implicit declaration of function ‘strlcpy’; did you mean ‘strncpy’? [-Werror=implicit-function-declaration]
    6 |    return strlcpy(dest, "something", sizeof(dest));
      |           ^~~~~~~
      |           strncpy
cc1: all warnings being treated as errors
DBG 54491: Setting strlcpy (strlcpy) status to failed (action disable)
DBG 54491: Check strlcpy (HAVE_STRLCPY, action disable (originally disable)) failed: compile check failed:
CC: CC
flags: 
gcc  -g -O2 -fPIC -Wall -Wsign-compare -Wfloat-equal -Wpointer-arith -Wcast-align -Wall -Werror _mkltmptlq6FJ.c -o _mkltmptlq6FJ.c.o  -L/home/tinashe/Documents/WebDev/ruvimbo/Kafka1/node_modules/node-rdkafka/build/deps :
_mkltmptlq6FJ.c: In function ‘foo’:
_mkltmptlq6FJ.c:6:11: error: implicit declaration of function ‘strlcpy’; did you mean ‘strncpy’? [-Werror=implicit-function-declaration]
    6 |    return strlcpy(dest, "something", sizeof(dest));
      |           ^~~~~~~
      |           strncpy
cc1: all warnings being treated as errors
source: 
#define _DARWIN_C_SOURCE
#include <string.h>
int foo (void) {
    char dest[4];
   return strlcpy(dest, "something", sizeof(dest));
}
DBG 54491: Compile check strerror_r (HAVE_STRERROR_R) (sub=0): gcc  -g -O2 -fPIC -Wall -Wsign-compare -Wfloat-equal -Wpointer-arith -Wcast-align -Wall -Werror _mkltmpwZvpdL.c -o _mkltmpwZvpdL.c.o  -L/home/tinashe/Documents/WebDev/ruvimbo/Kafka1/node_modules/node-rdkafka/build/deps 
DBG 54491: Setting strerror_r (strerror_r) status to ok (action disable)
DBG 54491: Compile check pthread_setname_gnu (HAVE_PTHREAD_SETNAME_GNU) (sub=0): gcc  -g -O2 -fPIC -Wall -Wsign-compare -Wfloat-equal -Wpointer-arith -Wcast-align -Wall -Werror _mkltmpOLUJWD.c -o _mkltmpOLUJWD.c.o  -L/home/tinashe/Documents/WebDev/ruvimbo/Kafka1/node_modules/node-rdkafka/build/deps -D_GNU_SOURCE -lpthread
DBG 54491: Setting pthread_setname_gnu (pthread_setname_gnu) status to ok (action disable)
DBG 54491: Setting nm (nm) status to ok (action cont)
DBG 54491: Setting python3 (python3) status to ok (action disable)
DBG 54491: Compile check getrusage (HAVE_GETRUSAGE) (sub=0): gcc  -g -O2 -fPIC -Wall -Wsign-compare -Wfloat-equal -Wpointer-arith -Wcast-align -Wall -Werror _mkltmp2XBd8v.c -o _mkltmp2XBd8v.c.o  -L/home/tinashe/Documents/WebDev/ruvimbo/Kafka1/node_modules/node-rdkafka/build/deps 
DBG 54491: Setting getrusage (getrusage) status to ok (action disable)
